<?xml version="1.0" encoding="UTF-8"?>
<testng-results ignored="0" total="1" passed="1" failed="0" skipped="0">
  <reporter-output>
  </reporter-output>
  <suite started-at="2022-04-09T21:43:34 IST" name="Default suite" finished-at="2022-04-09T21:43:49 IST" duration-ms="14421">
    <groups>
    </groups>
    <test started-at="2022-04-09T21:43:34 IST" name="Default test" finished-at="2022-04-09T21:43:49 IST" duration-ms="14421">
      <class name="com.datadriventesting.SingUpFB">
        <test-method is-config="true" signature="setUp()[pri:0, instance:com.datadriventesting.SingUpFB@3a6bb9bf]" started-at="2022-04-09T21:43:34 IST" name="setUp" finished-at="2022-04-09T21:43:42 IST" duration-ms="7620" status="PASS">
          <reporter-output>
          </reporter-output>
        </test-method> <!-- setUp -->
        <test-method signature="verifyLogin(java.lang.String,java.lang.String,java.lang.String,java.lang.String,java.lang.String,java.lang.String,java.lang.String,java.lang.String)[pri:0, instance:com.datadriventesting.SingUpFB@3a6bb9bf]" started-at="2022-04-09T21:43:42 IST" name="verifyLogin" data-provider="getTestData" finished-at="2022-04-09T21:43:44 IST" duration-ms="1704" status="PASS">
          <params>
            <param index="0">
              <value>
                <![CDATA[Punam]]>
              </value>
            </param>
            <param index="1">
              <value>
                <![CDATA[Kharche]]>
              </value>
            </param>
            <param index="2">
              <value>
                <![CDATA[Punam@gmail.com]]>
              </value>
            </param>
            <param index="3">
              <value>
                <![CDATA[Punam@gmail.com]]>
              </value>
            </param>
            <param index="4">
              <value>
                <![CDATA[Punam123$]]>
              </value>
            </param>
            <param index="5">
              <value>
                <![CDATA[28]]>
              </value>
            </param>
            <param index="6">
              <value>
                <![CDATA[Nov]]>
              </value>
            </param>
            <param index="7">
              <value>
                <![CDATA[1992]]>
              </value>
            </param>
          </params>
          <reporter-output>
          </reporter-output>
        </test-method> <!-- verifyLogin -->
        <test-method is-config="true" signature="tearDown()[pri:0, instance:com.datadriventesting.SingUpFB@3a6bb9bf]" started-at="2022-04-09T21:43:44 IST" name="tearDown" finished-at="2022-04-09T21:43:49 IST" duration-ms="5002" status="PASS">
          <reporter-output>
          </reporter-output>
        </test-method> <!-- tearDown -->
      </class> <!-- com.datadriventesting.SingUpFB -->
    </test> <!-- Default test -->
  </suite> <!-- Default suite -->
</testng-results>
