<?xml version="1.0" encoding="UTF-8"?>
<!-- Generated by org.testng.reporters.JUnitXMLReporter -->
<testsuite ignored="2" hostname="DESKTOP-JJ546MA" failures="0" tests="2" name="Test" time="0.102" errors="0" timestamp="2022-02-13T15:35:41 IST">
  <testcase classname="com.testngframework.GroupInTestNG" name="test1" time="0.024"/>
  <testcase classname="com.testngframework.GroupInTestNG" name="test4" time="0.003"/>
  <testcase classname="com.testngframework.GroupInTestNG" name="test2" time="0.0">
    <ignored/>
  </testcase> <!-- test2 -->
  <testcase classname="com.testngframework.GroupInTestNG" name="test3" time="0.0">
    <ignored/>
  </testcase> <!-- test3 -->
</testsuite> <!-- Test -->
